actionid=py27
msg=installpkg
cmdargs=[local('/home/ben/Code/palewire/storytracker/repo/.tox/py27/bin/pip'), 'install', '--pre', '/home/ben/Code/palewire/storytracker/repo/.tox/dist/storytracker-0.0.8.zip']
env={'BYOBU_TTY': '/dev/pts/11', 'VIRTUAL_ENV': '/home/ben/Code/palewire/storytracker', 'SHELL': '/bin/bash', 'XDG_DATA_DIRS': '/usr/share/ubuntu:/usr/share/gnome:/usr/local/share/:/usr/share/', 'MANDATORY_PATH': '/usr/share/gconf/ubuntu.mandatory.path', 'CLUTTER_IM_MODULE': 'xim', 'BYOBU_RUN_DIR': '/dev/shm/byobu-ben-ZNqIGRrr', 'JOB': 'dbus', 'SESSION': 'ubuntu', 'XMODIFIERS': '@im=ibus', 'SELINUX_INIT': 'YES', 'BYOBU_SED': 'sed', 'PYTHONPATH': '"$PYTHONPATH:/home/ben/Code/palewire/storytracker/repo"', 'BYOBU_LIGHT': '\\#EEEEEE', 'BYOBU_DATE': '%Y-%m-%d ', 'XDG_SESSION_ID': 'c2', 'DBUS_SESSION_BUS_ADDRESS': 'unix:abstract=/tmp/dbus-5kZPiWWS1o', 'DEFAULTS_PATH': '/usr/share/gconf/ubuntu.default.path', 'DESKTOP_SESSION': 'ubuntu', 'GTK_MODULES': 'overlay-scrollbar:unity-gtk-module', 'INSTANCE': '', 'XDG_MENU_PREFIX': 'gnome-', 'LS_COLORS': 'rs=0:di=01;34:ln=01;36:mh=00:pi=40;33:so=01;35:do=01;35:bd=40;33;01:cd=40;33;01:or=40;31;01:su=37;41:sg=30;43:ca=30;41:tw=30;42:ow=34;42:st=37;44:ex=01;32:*.tar=01;31:*.tgz=01;31:*.arj=01;31:*.taz=01;31:*.lzh=01;31:*.lzma=01;31:*.tlz=01;31:*.txz=01;31:*.zip=01;31:*.z=01;31:*.Z=01;31:*.dz=01;31:*.gz=01;31:*.lz=01;31:*.xz=01;31:*.bz2=01;31:*.bz=01;31:*.tbz=01;31:*.tbz2=01;31:*.tz=01;31:*.deb=01;31:*.rpm=01;31:*.jar=01;31:*.war=01;31:*.ear=01;31:*.sar=01;31:*.rar=01;31:*.ace=01;31:*.zoo=01;31:*.cpio=01;31:*.7z=01;31:*.rz=01;31:*.jpg=01;35:*.jpeg=01;35:*.gif=01;35:*.bmp=01;35:*.pbm=01;35:*.pgm=01;35:*.ppm=01;35:*.tga=01;35:*.xbm=01;35:*.xpm=01;35:*.tif=01;35:*.tiff=01;35:*.png=01;35:*.svg=01;35:*.svgz=01;35:*.mng=01;35:*.pcx=01;35:*.mov=01;35:*.mpg=01;35:*.mpeg=01;35:*.m2v=01;35:*.mkv=01;35:*.webm=01;35:*.ogm=01;35:*.mp4=01;35:*.m4v=01;35:*.mp4v=01;35:*.vob=01;35:*.qt=01;35:*.nuv=01;35:*.wmv=01;35:*.asf=01;35:*.rm=01;35:*.rmvb=01;35:*.flc=01;35:*.avi=01;35:*.fli=01;35:*.flv=01;35:*.gl=01;35:*.dl=01;35:*.xcf=01;35:*.xwd=01;35:*.yuv=01;35:*.cgm=01;35:*.emf=01;35:*.axv=01;35:*.anx=01;35:*.ogv=01;35:*.ogx=01;35:*.aac=00;36:*.au=00;36:*.flac=00;36:*.mid=00;36:*.midi=00;36:*.mka=00;36:*.mp3=00;36:*.mpc=00;36:*.ogg=00;36:*.ra=00;36:*.wav=00;36:*.axa=00;36:*.oga=00;36:*.spx=00;36:*.xspf=00;36:', 'GNOME_DESKTOP_SESSION_ID': 'this-is-deprecated', 'BYOBU_WINDOW_NAME': '-', 'LESSOPEN': '| /usr/bin/lesspipe %s', 'USER': 'ben', 'XDG_VTNR': '7', 'PS1': '(storytracker)[\\u@\\h]$ ', 'XAUTHORITY': '/home/ben/.Xauthority', 'LANGUAGE': 'en_US', 'SESSION_MANAGER': 'local/loftpad:@/tmp/.ICE-unix/2189,unix/loftpad:/tmp/.ICE-unix/2189', 'SHLVL': '2', 'QT_QPA_PLATFORMTHEME': 'appmenu-qt5', 'COMPIZ_CONFIG_PROFILE': 'ubuntu', 'WINDOWID': '69206028', 'GPG_AGENT_INFO': '/run/user/1000/keyring-OlEuLJ/gpg:0:1', 'BYOBU_DARK': '\\#333333', 'TMUX': '/tmp/tmux-1000/default,2811,1', 'GDMSESSION': 'ubuntu', 'BYOBU_PREFIX': '/usr', 'XDG_SEAT_PATH': '/org/freedesktop/DisplayManager/Seat0', '_': '/home/ben/Code/palewire/storytracker/bin/tox', 'GTK_IM_MODULE': 'ibus', 'XDG_CONFIG_DIRS': '/etc/xdg/xdg-ubuntu:/usr/share/upstart/xdg:/etc/xdg', 'BYOBU_TIME': '%H:%M:%S', 'UBUNTU_MENUPROXY': '1', 'BYOBU_DISTRO': 'Ubuntu', 'BYOBU_READLINK': 'readlink', 'TEXTDOMAINDIR': '/usr/share/locale/', 'COLORTERM': 'gnome-terminal', 'XDG_GREETER_DATA_DIR': '/var/lib/lightdm-data/ben', 'QT4_IM_MODULE': 'xim', 'HOME': '/home/ben', 'DISPLAY': ':0', 'LANG': 'en_US.UTF-8', 'BYOBU_BACKEND': 'tmux', 'TEXTDOMAIN': 'im-config', 'BYOBU_ULIMIT': 'ulimit', 'COMP_WORDBREAKS': ' \t\n"\'><;|&(:', 'VTE_VERSION': '3409', 'XDG_CURRENT_DESKTOP': 'Unity', 'BYOBU_PAGER': 'sensible-pager', 'LESSCLOSE': '/usr/bin/lesspipe %s %s', 'GNOME_KEYRING_PID': '2035', 'SSH_AGENT_LAUNCHER': 'upstart', 'BYOBU_CHARMAP': 'UTF-8', 'BYOBU_CONFIG_DIR': '/home/ben/.byobu', 'TMUX_PANE': '%1', 'PYTHONIOENCODING': 'utf_8', 'XDG_RUNTIME_DIR': '/run/user/1000', 'QT_IM_MODULE': 'ibus', 'LOGNAME': 'ben', 'XDG_SEAT': 'seat0', 'PATH': '/home/ben/Code/palewire/storytracker/repo/.tox/py27/bin:/home/ben/Code/palewire/storytracker/bin:/usr/local/heroku/bin:/usr/local/sbin:/usr/local/bin:/usr/sbin:/usr/bin:/sbin:/bin:/usr/games:/usr/local/games', 'GNOME_KEYRING_CONTROL': '/run/user/1000/keyring-OlEuLJ', 'SSH_AGENT_PID': '2104', 'TERM': 'screen', 'XDG_SESSION_PATH': '/org/freedesktop/DisplayManager/Session0', 'SESSIONTYPE': 'gnome-session', 'IM_CONFIG_PHASE': '1', 'PYTHONHASHSEED': '1374509021', 'COMPIZ_BIN_PATH': '/usr/bin/', 'SSH_AUTH_SOCK': '/home/ben/.byobu/.ssh-agent', 'BYOBU_HIGHLIGHT': '\\#DD4814', 'MONOCHROME': '0', 'BYOBU_ACCENT': '\\#75507B', 'UPSTART_SESSION': 'unix:abstract=/com/ubuntu/upstart-session/1000/2037', 'OLDPWD': '/home/ben/Code/palewire/storytracker', 'GDM_LANG': 'en_US', 'NODE_PATH': '/usr/lib/nodejs:/usr/lib/node_modules:/usr/share/javascript', 'PWD': '/home/ben/Code/palewire/storytracker/repo', 'BYOBU_PYTHON': 'python2'}
Unpacking ./.tox/dist/storytracker-0.0.8.zip
  Running setup.py (path:/tmp/pip-VHPJqU-build/setup.py) egg_info for package from file:///home/ben/Code/palewire/storytracker/repo/.tox/dist/storytracker-0.0.8.zip
    
Downloading/unpacking python-dateutil>=2.2 (from storytracker==0.0.8)
  Running setup.py (path:/home/ben/Code/palewire/storytracker/repo/.tox/py27/build/python-dateutil/setup.py) egg_info for package python-dateutil
    
Downloading/unpacking requests>=2.3.0 (from storytracker==0.0.8)
Downloading/unpacking htmlmin==0.1.5 (from storytracker==0.0.8)
  Downloading htmlmin-0.1.5.tar.gz
  Running setup.py (path:/home/ben/Code/palewire/storytracker/repo/.tox/py27/build/htmlmin/setup.py) egg_info for package htmlmin
    
    no previously-included directories found matching 'htmlmin/tests'
Downloading/unpacking six>=1.7.2 (from storytracker==0.0.8)
  Downloading six-1.7.3-py2.py3-none-any.whl
Downloading/unpacking pytz>=2014.4 (from storytracker==0.0.8)
  Running setup.py (path:/home/ben/Code/palewire/storytracker/repo/.tox/py27/build/pytz/setup.py) egg_info for package pytz
    
Downloading/unpacking beautifulsoup4>=4.3.2 (from storytracker==0.0.8)
  Running setup.py (path:/home/ben/Code/palewire/storytracker/repo/.tox/py27/build/beautifulsoup4/setup.py) egg_info for package beautifulsoup4
    
Downloading/unpacking storysniffer==0.0.3 (from storytracker==0.0.8)
  Downloading storysniffer-0.0.3.tar.gz
  Running setup.py (path:/home/ben/Code/palewire/storytracker/repo/.tox/py27/build/storysniffer/setup.py) egg_info for package storysniffer
    
Downloading/unpacking selenium>=2.42.1 (from storytracker==0.0.8)
  Running setup.py (path:/home/ben/Code/palewire/storytracker/repo/.tox/py27/build/selenium/setup.py) egg_info for package selenium
    
Downloading/unpacking Pillow>=2.5.3 (from storytracker==0.0.8)
  Running setup.py (path:/home/ben/Code/palewire/storytracker/repo/.tox/py27/build/Pillow/setup.py) egg_info for package Pillow
    
    warning: no files found matching '*.bdf' under directory 'Images'
    warning: no files found matching '*.fli' under directory 'Images'
    warning: no files found matching '*.gif' under directory 'Images'
    warning: no files found matching '*.icns' under directory 'Images'
    warning: no files found matching '*.ico' under directory 'Images'
    warning: no files found matching '*.jpg' under directory 'Images'
    warning: no files found matching '*.pbm' under directory 'Images'
    warning: no files found matching '*.pil' under directory 'Images'
    warning: no files found matching '*.png' under directory 'Images'
    warning: no files found matching '*.ppm' under directory 'Images'
    warning: no files found matching '*.psd' under directory 'Images'
    warning: no files found matching '*.tar' under directory 'Images'
    warning: no files found matching '*.webp' under directory 'Images'
    warning: no files found matching '*.xpm' under directory 'Images'
    warning: no files found matching 'README' under directory 'Sane'
    warning: no files found matching 'README' under directory 'Scripts'
    warning: no files found matching '*.txt' under directory 'Tk'
Downloading/unpacking unicodecsv>=0.9.4 (from storytracker==0.0.8)
  Downloading unicodecsv-0.9.4.tar.gz
  Running setup.py (path:/home/ben/Code/palewire/storytracker/repo/.tox/py27/build/unicodecsv/setup.py) egg_info for package unicodecsv
    
Downloading/unpacking tldextract==1.4 (from storysniffer==0.0.3->storytracker==0.0.8)
  Running setup.py (path:/home/ben/Code/palewire/storytracker/repo/.tox/py27/build/tldextract/setup.py) egg_info for package tldextract
    
Installing collected packages: python-dateutil, requests, htmlmin, six, pytz, beautifulsoup4, storysniffer, selenium, Pillow, unicodecsv, storytracker, tldextract
  Running setup.py install for python-dateutil
    
  Running setup.py install for htmlmin
    
    no previously-included directories found matching 'htmlmin/tests'
    Installing htmlmin script to /home/ben/Code/palewire/storytracker/repo/.tox/py27/bin
  Running setup.py install for pytz
    
  Running setup.py install for beautifulsoup4
    
  Running setup.py install for storysniffer
    
  Running setup.py install for selenium
    
  Running setup.py install for Pillow
    
    warning: no files found matching '*.bdf' under directory 'Images'
    warning: no files found matching '*.fli' under directory 'Images'
    warning: no files found matching '*.gif' under directory 'Images'
    warning: no files found matching '*.icns' under directory 'Images'
    warning: no files found matching '*.ico' under directory 'Images'
    warning: no files found matching '*.jpg' under directory 'Images'
    warning: no files found matching '*.pbm' under directory 'Images'
    warning: no files found matching '*.pil' under directory 'Images'
    warning: no files found matching '*.png' under directory 'Images'
    warning: no files found matching '*.ppm' under directory 'Images'
    warning: no files found matching '*.psd' under directory 'Images'
    warning: no files found matching '*.tar' under directory 'Images'
    warning: no files found matching '*.webp' under directory 'Images'
    warning: no files found matching '*.xpm' under directory 'Images'
    warning: no files found matching 'README' under directory 'Sane'
    warning: no files found matching 'README' under directory 'Scripts'
    warning: no files found matching '*.txt' under directory 'Tk'
    building 'PIL._imaging' extension
    x86_64-linux-gnu-gcc -pthread -fno-strict-aliasing -DNDEBUG -g -fwrapv -O2 -Wall -Wstrict-prototypes -fPIC -DHAVE_LIBJPEG -DHAVE_LIBZ -DHAVE_LIBTIFF -I/usr/include/freetype2 -I/home/ben/Code/palewire/storytracker/repo/.tox/py27/build/Pillow/libImaging -I/home/ben/Code/palewire/storytracker/repo/.tox/py27/include -I/usr/local/include -I/usr/include -I/usr/include/python2.7 -I/usr/include/x86_64-linux-gnu -c _imaging.c -o build/temp.linux-x86_64-2.7/_imaging.o
    x86_64-linux-gnu-gcc -pthread -fno-strict-aliasing -DNDEBUG -g -fwrapv -O2 -Wall -Wstrict-prototypes -fPIC -DHAVE_LIBJPEG -DHAVE_LIBZ -DHAVE_LIBTIFF -I/usr/include/freetype2 -I/home/ben/Code/palewire/storytracker/repo/.tox/py27/build/Pillow/libImaging -I/home/ben/Code/palewire/storytracker/repo/.tox/py27/include -I/usr/local/include -I/usr/include -I/usr/include/python2.7 -I/usr/include/x86_64-linux-gnu -c outline.c -o build/temp.linux-x86_64-2.7/outline.o
    x86_64-linux-gnu-gcc -pthread -fno-strict-aliasing -DNDEBUG -g -fwrapv -O2 -Wall -Wstrict-prototypes -fPIC -DHAVE_LIBJPEG -DHAVE_LIBZ -DHAVE_LIBTIFF -I/usr/include/freetype2 -I/home/ben/Code/palewire/storytracker/repo/.tox/py27/build/Pillow/libImaging -I/home/ben/Code/palewire/storytracker/repo/.tox/py27/include -I/usr/local/include -I/usr/include -I/usr/include/python2.7 -I/usr/include/x86_64-linux-gnu -c libImaging/Bands.c -o build/temp.linux-x86_64-2.7/libImaging/Bands.o
    x86_64-linux-gnu-gcc -pthread -fno-strict-aliasing -DNDEBUG -g -fwrapv -O2 -Wall -Wstrict-prototypes -fPIC -DHAVE_LIBJPEG -DHAVE_LIBZ -DHAVE_LIBTIFF -I/usr/include/freetype2 -I/home/ben/Code/palewire/storytracker/repo/.tox/py27/build/Pillow/libImaging -I/home/ben/Code/palewire/storytracker/repo/.tox/py27/include -I/usr/local/include -I/usr/include -I/usr/include/python2.7 -I/usr/include/x86_64-linux-gnu -c libImaging/ConvertYCbCr.c -o build/temp.linux-x86_64-2.7/libImaging/ConvertYCbCr.o
    x86_64-linux-gnu-gcc -pthread -fno-strict-aliasing -DNDEBUG -g -fwrapv -O2 -Wall -Wstrict-prototypes -fPIC -DHAVE_LIBJPEG -DHAVE_LIBZ -DHAVE_LIBTIFF -I/usr/include/freetype2 -I/home/ben/Code/palewire/storytracker/repo/.tox/py27/build/Pillow/libImaging -I/home/ben/Code/palewire/storytracker/repo/.tox/py27/include -I/usr/local/include -I/usr/include -I/usr/include/python2.7 -I/usr/include/x86_64-linux-gnu -c path.c -o build/temp.linux-x86_64-2.7/path.o
    x86_64-linux-gnu-gcc -pthread -fno-strict-aliasing -DNDEBUG -g -fwrapv -O2 -Wall -Wstrict-prototypes -fPIC -DHAVE_LIBJPEG -DHAVE_LIBZ -DHAVE_LIBTIFF -I/usr/include/freetype2 -I/home/ben/Code/palewire/storytracker/repo/.tox/py27/build/Pillow/libImaging -I/home/ben/Code/palewire/storytracker/repo/.tox/py27/include -I/usr/local/include -I/usr/include -I/usr/include/python2.7 -I/usr/include/x86_64-linux-gnu -c libImaging/Copy.c -o build/temp.linux-x86_64-2.7/libImaging/Copy.o
    x86_64-linux-gnu-gcc -pthread -fno-strict-aliasing -DNDEBUG -g -fwrapv -O2 -Wall -Wstrict-prototypes -fPIC -DHAVE_LIBJPEG -DHAVE_LIBZ -DHAVE_LIBTIFF -I/usr/include/freetype2 -I/home/ben/Code/palewire/storytracker/repo/.tox/py27/build/Pillow/libImaging -I/home/ben/Code/palewire/storytracker/repo/.tox/py27/include -I/usr/local/include -I/usr/include -I/usr/include/python2.7 -I/usr/include/x86_64-linux-gnu -c libImaging/BitDecode.c -o build/temp.linux-x86_64-2.7/libImaging/BitDecode.o
    x86_64-linux-gnu-gcc -pthread -fno-strict-aliasing -DNDEBUG -g -fwrapv -O2 -Wall -Wstrict-prototypes -fPIC -DHAVE_LIBJPEG -DHAVE_LIBZ -DHAVE_LIBTIFF -I/usr/include/freetype2 -I/home/ben/Code/palewire/storytracker/repo/.tox/py27/build/Pillow/libImaging -I/home/ben/Code/palewire/storytracker/repo/.tox/py27/include -I/usr/local/include -I/usr/include -I/usr/include/python2.7 -I/usr/include/x86_64-linux-gnu -c libImaging/Crc32.c -o build/temp.linux-x86_64-2.7/libImaging/Crc32.o
    x86_64-linux-gnu-gcc -pthread -fno-strict-aliasing -DNDEBUG -g -fwrapv -O2 -Wall -Wstrict-prototypes -fPIC -DHAVE_LIBJPEG -DHAVE_LIBZ -DHAVE_LIBTIFF -I/usr/include/freetype2 -I/home/ben/Code/palewire/storytracker/repo/.tox/py27/build/Pillow/libImaging -I/home/ben/Code/palewire/storytracker/repo/.tox/py27/include -I/usr/local/include -I/usr/include -I/usr/include/python2.7 -I/usr/include/x86_64-linux-gnu -c libImaging/Blend.c -o build/temp.linux-x86_64-2.7/libImaging/Blend.o
    x86_64-linux-gnu-gcc -pthread -fno-strict-aliasing -DNDEBUG -g -fwrapv -O2 -Wall -Wstrict-prototypes -fPIC -DHAVE_LIBJPEG -DHAVE_LIBZ -DHAVE_LIBTIFF -I/usr/include/freetype2 -I/home/ben/Code/palewire/storytracker/repo/.tox/py27/build/Pillow/libImaging -I/home/ben/Code/palewire/storytracker/repo/.tox/py27/include -I/usr/local/include -I/usr/include -I/usr/include/python2.7 -I/usr/include/x86_64-linux-gnu -c libImaging/Crop.c -o build/temp.linux-x86_64-2.7/libImaging/Crop.o
    x86_64-linux-gnu-gcc -pthread -fno-strict-aliasing -DNDEBUG -g -fwrapv -O2 -Wall -Wstrict-prototypes -fPIC -DHAVE_LIBJPEG -DHAVE_LIBZ -DHAVE_LIBTIFF -I/usr/include/freetype2 -I/home/ben/Code/palewire/storytracker/repo/.tox/py27/build/Pillow/libImaging -I/home/ben/Code/palewire/storytracker/repo/.tox/py27/include -I/usr/local/include -I/usr/include -I/usr/include/python2.7 -I/usr/include/x86_64-linux-gnu -c libImaging/Access.c -o build/temp.linux-x86_64-2.7/libImaging/Access.o
    x86_64-linux-gnu-gcc -pthread -fno-strict-aliasing -DNDEBUG -g -fwrapv -O2 -Wall -Wstrict-prototypes -fPIC -DHAVE_LIBJPEG -DHAVE_LIBZ -DHAVE_LIBTIFF -I/usr/include/freetype2 -I/home/ben/Code/palewire/storytracker/repo/.tox/py27/build/Pillow/libImaging -I/home/ben/Code/palewire/storytracker/repo/.tox/py27/include -I/usr/local/include -I/usr/include -I/usr/include/python2.7 -I/usr/include/x86_64-linux-gnu -c libImaging/Chops.c -o build/temp.linux-x86_64-2.7/libImaging/Chops.o
    x86_64-linux-gnu-gcc -pthread -fno-strict-aliasing -DNDEBUG -g -fwrapv -O2 -Wall -Wstrict-prototypes -fPIC -DHAVE_LIBJPEG -DHAVE_LIBZ -DHAVE_LIBTIFF -I/usr/include/freetype2 -I/home/ben/Code/palewire/storytracker/repo/.tox/py27/build/Pillow/libImaging -I/home/ben/Code/palewire/storytracker/repo/.tox/py27/include -I/usr/local/include -I/usr/include -I/usr/include/python2.7 -I/usr/include/x86_64-linux-gnu -c libImaging/Dib.c -o build/temp.linux-x86_64-2.7/libImaging/Dib.o
    x86_64-linux-gnu-gcc -pthread -fno-strict-aliasing -DNDEBUG -g -fwrapv -O2 -Wall -Wstrict-prototypes -fPIC -DHAVE_LIBJPEG -DHAVE_LIBZ -DHAVE_LIBTIFF -I/usr/include/freetype2 -I/home/ben/Code/palewire/storytracker/repo/.tox/py27/build/Pillow/libImaging -I/home/ben/Code/palewire/storytracker/repo/.tox/py27/include -I/usr/local/include -I/usr/include -I/usr/include/python2.7 -I/usr/include/x86_64-linux-gnu -c libImaging/Draw.c -o build/temp.linux-x86_64-2.7/libImaging/Draw.o
    x86_64-linux-gnu-gcc -pthread -fno-strict-aliasing -DNDEBUG -g -fwrapv -O2 -Wall -Wstrict-prototypes -fPIC -DHAVE_LIBJPEG -DHAVE_LIBZ -DHAVE_LIBTIFF -I/usr/include/freetype2 -I/home/ben/Code/palewire/storytracker/repo/.tox/py27/build/Pillow/libImaging -I/home/ben/Code/palewire/storytracker/repo/.tox/py27/include -I/usr/local/include -I/usr/include -I/usr/include/python2.7 -I/usr/include/x86_64-linux-gnu -c libImaging/AlphaComposite.c -o build/temp.linux-x86_64-2.7/libImaging/AlphaComposite.o
    libImaging/Draw.c: In function ‘ImagingDrawWideLine’:
    libImaging/Draw.c:603:9: warning: unused variable ‘vertices’ [-Wunused-variable]
         int vertices[4][2];
             ^
    x86_64-linux-gnu-gcc -pthread -fno-strict-aliasing -DNDEBUG -g -fwrapv -O2 -Wall -Wstrict-prototypes -fPIC -DHAVE_LIBJPEG -DHAVE_LIBZ -DHAVE_LIBTIFF -I/usr/include/freetype2 -I/home/ben/Code/palewire/storytracker/repo/.tox/py27/build/Pillow/libImaging -I/home/ben/Code/palewire/storytracker/repo/.tox/py27/include -I/usr/local/include -I/usr/include -I/usr/include/python2.7 -I/usr/include/x86_64-linux-gnu -c libImaging/Convert.c -o build/temp.linux-x86_64-2.7/libImaging/Convert.o
    x86_64-linux-gnu-gcc -pthread -fno-strict-aliasing -DNDEBUG -g -fwrapv -O2 -Wall -Wstrict-prototypes -fPIC -DHAVE_LIBJPEG -DHAVE_LIBZ -DHAVE_LIBTIFF -I/usr/include/freetype2 -I/home/ben/Code/palewire/storytracker/repo/.tox/py27/build/Pillow/libImaging -I/home/ben/Code/palewire/storytracker/repo/.tox/py27/include -I/usr/local/include -I/usr/include -I/usr/include/python2.7 -I/usr/include/x86_64-linux-gnu -c libImaging/Antialias.c -o build/temp.linux-x86_64-2.7/libImaging/Antialias.o
    x86_64-linux-gnu-gcc -pthread -fno-strict-aliasing -DNDEBUG -g -fwrapv -O2 -Wall -Wstrict-prototypes -fPIC -DHAVE_LIBJPEG -DHAVE_LIBZ -DHAVE_LIBTIFF -I/usr/include/freetype2 -I/home/ben/Code/palewire/storytracker/repo/.tox/py27/build/Pillow/libImaging -I/home/ben/Code/palewire/storytracker/repo/.tox/py27/include -I/usr/local/include -I/usr/include -I/usr/include/python2.7 -I/usr/include/x86_64-linux-gnu -c libImaging/Filter.c -o build/temp.linux-x86_64-2.7/libImaging/Filter.o
    x86_64-linux-gnu-gcc -pthread -fno-strict-aliasing -DNDEBUG -g -fwrapv -O2 -Wall -Wstrict-prototypes -fPIC -DHAVE_LIBJPEG -DHAVE_LIBZ -DHAVE_LIBTIFF -I/usr/include/freetype2 -I/home/ben/Code/palewire/storytracker/repo/.tox/py27/build/Pillow/libImaging -I/home/ben/Code/palewire/storytracker/repo/.tox/py27/include -I/usr/local/include -I/usr/include -I/usr/include/python2.7 -I/usr/include/x86_64-linux-gnu -c decode.c -o build/temp.linux-x86_64-2.7/decode.o
    x86_64-linux-gnu-gcc -pthread -fno-strict-aliasing -DNDEBUG -g -fwrapv -O2 -Wall -Wstrict-prototypes -fPIC -DHAVE_LIBJPEG -DHAVE_LIBZ -DHAVE_LIBTIFF -I/usr/include/freetype2 -I/home/ben/Code/palewire/storytracker/repo/.tox/py27/build/Pillow/libImaging -I/home/ben/Code/palewire/storytracker/repo/.tox/py27/include -I/usr/local/include -I/usr/include -I/usr/include/python2.7 -I/usr/include/x86_64-linux-gnu -c libImaging/Effects.c -o build/temp.linux-x86_64-2.7/libImaging/Effects.o
    x86_64-linux-gnu-gcc -pthread -fno-strict-aliasing -DNDEBUG -g -fwrapv -O2 -Wall -Wstrict-prototypes -fPIC -DHAVE_LIBJPEG -DHAVE_LIBZ -DHAVE_LIBTIFF -I/usr/include/freetype2 -I/home/ben/Code/palewire/storytracker/repo/.tox/py27/build/Pillow/libImaging -I/home/ben/Code/palewire/storytracker/repo/.tox/py27/include -I/usr/local/include -I/usr/include -I/usr/include/python2.7 -I/usr/include/x86_64-linux-gnu -c libImaging/FliDecode.c -o build/temp.linux-x86_64-2.7/libImaging/FliDecode.o
    x86_64-linux-gnu-gcc -pthread -fno-strict-aliasing -DNDEBUG -g -fwrapv -O2 -Wall -Wstrict-prototypes -fPIC -DHAVE_LIBJPEG -DHAVE_LIBZ -DHAVE_LIBTIFF -I/usr/include/freetype2 -I/home/ben/Code/palewire/storytracker/repo/.tox/py27/build/Pillow/libImaging -I/home/ben/Code/palewire/storytracker/repo/.tox/py27/include -I/usr/local/include -I/usr/include -I/usr/include/python2.7 -I/usr/include/x86_64-linux-gnu -c libImaging/GifEncode.c -o build/temp.linux-x86_64-2.7/libImaging/GifEncode.o
    x86_64-linux-gnu-gcc -pthread -fno-strict-aliasing -DNDEBUG -g -fwrapv -O2 -Wall -Wstrict-prototypes -fPIC -DHAVE_LIBJPEG -DHAVE_LIBZ -DHAVE_LIBTIFF -I/usr/include/freetype2 -I/home/ben/Code/palewire/storytracker/repo/.tox/py27/build/Pillow/libImaging -I/home/ben/Code/palewire/storytracker/repo/.tox/py27/include -I/usr/local/include -I/usr/include -I/usr/include/python2.7 -I/usr/include/x86_64-linux-gnu -c encode.c -o build/temp.linux-x86_64-2.7/encode.o
    x86_64-linux-gnu-gcc -pthread -fno-strict-aliasing -DNDEBUG -g -fwrapv -O2 -Wall -Wstrict-prototypes -fPIC -DHAVE_LIBJPEG -DHAVE_LIBZ -DHAVE_LIBTIFF -I/usr/include/freetype2 -I/home/ben/Code/palewire/storytracker/repo/.tox/py27/build/Pillow/libImaging -I/home/ben/Code/palewire/storytracker/repo/.tox/py27/include -I/usr/local/include -I/usr/include -I/usr/include/python2.7 -I/usr/include/x86_64-linux-gnu -c libImaging/EpsEncode.c -o build/temp.linux-x86_64-2.7/libImaging/EpsEncode.o
    x86_64-linux-gnu-gcc -pthread -fno-strict-aliasing -DNDEBUG -g -fwrapv -O2 -Wall -Wstrict-prototypes -fPIC -DHAVE_LIBJPEG -DHAVE_LIBZ -DHAVE_LIBTIFF -I/usr/include/freetype2 -I/home/ben/Code/palewire/storytracker/repo/.tox/py27/build/Pillow/libImaging -I/home/ben/Code/palewire/storytracker/repo/.tox/py27/include -I/usr/local/include -I/usr/include -I/usr/include/python2.7 -I/usr/include/x86_64-linux-gnu -c libImaging/Geometry.c -o build/temp.linux-x86_64-2.7/libImaging/Geometry.o
    x86_64-linux-gnu-gcc -pthread -fno-strict-aliasing -DNDEBUG -g -fwrapv -O2 -Wall -Wstrict-prototypes -fPIC -DHAVE_LIBJPEG -DHAVE_LIBZ -DHAVE_LIBTIFF -I/usr/include/freetype2 -I/home/ben/Code/palewire/storytracker/repo/.tox/py27/build/Pillow/libImaging -I/home/ben/Code/palewire/storytracker/repo/.tox/py27/include -I/usr/local/include -I/usr/include -I/usr/include/python2.7 -I/usr/include/x86_64-linux-gnu -c libImaging/File.c -o build/temp.linux-x86_64-2.7/libImaging/File.o
    x86_64-linux-gnu-gcc -pthread -fno-strict-aliasing -DNDEBUG -g -fwrapv -O2 -Wall -Wstrict-prototypes -fPIC -DHAVE_LIBJPEG -DHAVE_LIBZ -DHAVE_LIBTIFF -I/usr/include/freetype2 -I/home/ben/Code/palewire/storytracker/repo/.tox/py27/build/Pillow/libImaging -I/home/ben/Code/palewire/storytracker/repo/.tox/py27/include -I/usr/local/include -I/usr/include -I/usr/include/python2.7 -I/usr/include/x86_64-linux-gnu -c libImaging/Fill.c -o build/temp.linux-x86_64-2.7/libImaging/Fill.o
    x86_64-linux-gnu-gcc -pthread -fno-strict-aliasing -DNDEBUG -g -fwrapv -O2 -Wall -Wstrict-prototypes -fPIC -DHAVE_LIBJPEG -DHAVE_LIBZ -DHAVE_LIBTIFF -I/usr/include/freetype2 -I/home/ben/Code/palewire/storytracker/repo/.tox/py27/build/Pillow/libImaging -I/home/ben/Code/palewire/storytracker/repo/.tox/py27/include -I/usr/local/include -I/usr/include -I/usr/include/python2.7 -I/usr/include/x86_64-linux-gnu -c libImaging/HexDecode.c -o build/temp.linux-x86_64-2.7/libImaging/HexDecode.o
    x86_64-linux-gnu-gcc -pthread -fno-strict-aliasing -DNDEBUG -g -fwrapv -O2 -Wall -Wstrict-prototypes -fPIC -DHAVE_LIBJPEG -DHAVE_LIBZ -DHAVE_LIBTIFF -I/usr/include/freetype2 -I/home/ben/Code/palewire/storytracker/repo/.tox/py27/build/Pillow/libImaging -I/home/ben/Code/palewire/storytracker/repo/.tox/py27/include -I/usr/local/include -I/usr/include -I/usr/include/python2.7 -I/usr/include/x86_64-linux-gnu -c map.c -o build/temp.linux-x86_64-2.7/map.o
    x86_64-linux-gnu-gcc -pthread -fno-strict-aliasing -DNDEBUG -g -fwrapv -O2 -Wall -Wstrict-prototypes -fPIC -DHAVE_LIBJPEG -DHAVE_LIBZ -DHAVE_LIBTIFF -I/usr/include/freetype2 -I/home/ben/Code/palewire/storytracker/repo/.tox/py27/build/Pillow/libImaging -I/home/ben/Code/palewire/storytracker/repo/.tox/py27/include -I/usr/local/include -I/usr/include -I/usr/include/python2.7 -I/usr/include/x86_64-linux-gnu -c libImaging/Histo.c -o build/temp.linux-x86_64-2.7/libImaging/Histo.o
    x86_64-linux-gnu-gcc -pthread -fno-strict-aliasing -DNDEBUG -g -fwrapv -O2 -Wall -Wstrict-prototypes -fPIC -DHAVE_LIBJPEG -DHAVE_LIBZ -DHAVE_LIBTIFF -I/usr/include/freetype2 -I/home/ben/Code/palewire/storytracker/repo/.tox/py27/build/Pillow/libImaging -I/home/ben/Code/palewire/storytracker/repo/.tox/py27/include -I/usr/local/include -I/usr/include -I/usr/include/python2.7 -I/usr/include/x86_64-linux-gnu -c libImaging/LzwDecode.c -o build/temp.linux-x86_64-2.7/libImaging/LzwDecode.o
    x86_64-linux-gnu-gcc -pthread -fno-strict-aliasing -DNDEBUG -g -fwrapv -O2 -Wall -Wstrict-prototypes -fPIC -DHAVE_LIBJPEG -DHAVE_LIBZ -DHAVE_LIBTIFF -I/usr/include/freetype2 -I/home/ben/Code/palewire/storytracker/repo/.tox/py27/build/Pillow/libImaging -I/home/ben/Code/palewire/storytracker/repo/.tox/py27/include -I/usr/local/include -I/usr/include -I/usr/include/python2.7 -I/usr/include/x86_64-linux-gnu -c display.c -o build/temp.linux-x86_64-2.7/display.o
    x86_64-linux-gnu-gcc -pthread -fno-strict-aliasing -DNDEBUG -g -fwrapv -O2 -Wall -Wstrict-prototypes -fPIC -DHAVE_LIBJPEG -DHAVE_LIBZ -DHAVE_LIBTIFF -I/usr/include/freetype2 -I/home/ben/Code/palewire/storytracker/repo/.tox/py27/build/Pillow/libImaging -I/home/ben/Code/palewire/storytracker/repo/.tox/py27/include -I/usr/local/include -I/usr/include -I/usr/include/python2.7 -I/usr/include/x86_64-linux-gnu -c libImaging/Matrix.c -o build/temp.linux-x86_64-2.7/libImaging/Matrix.o
    x86_64-linux-gnu-gcc -pthread -fno-strict-aliasing -DNDEBUG -g -fwrapv -O2 -Wall -Wstrict-prototypes -fPIC -DHAVE_LIBJPEG -DHAVE_LIBZ -DHAVE_LIBTIFF -I/usr/include/freetype2 -I/home/ben/Code/palewire/storytracker/repo/.tox/py27/build/Pillow/libImaging -I/home/ben/Code/palewire/storytracker/repo/.tox/py27/include -I/usr/local/include -I/usr/include -I/usr/include/python2.7 -I/usr/include/x86_64-linux-gnu -c libImaging/JpegDecode.c -o build/temp.linux-x86_64-2.7/libImaging/JpegDecode.o
    x86_64-linux-gnu-gcc -pthread -fno-strict-aliasing -DNDEBUG -g -fwrapv -O2 -Wall -Wstrict-prototypes -fPIC -DHAVE_LIBJPEG -DHAVE_LIBZ -DHAVE_LIBTIFF -I/usr/include/freetype2 -I/home/ben/Code/palewire/storytracker/repo/.tox/py27/build/Pillow/libImaging -I/home/ben/Code/palewire/storytracker/repo/.tox/py27/include -I/usr/local/include -I/usr/include -I/usr/include/python2.7 -I/usr/include/x86_64-linux-gnu -c libImaging/Offset.c -o build/temp.linux-x86_64-2.7/libImaging/Offset.o
    x86_64-linux-gnu-gcc -pthread -fno-strict-aliasing -DNDEBUG -g -fwrapv -O2 -Wall -Wstrict-prototypes -fPIC -DHAVE_LIBJPEG -DHAVE_LIBZ -DHAVE_LIBTIFF -I/usr/include/freetype2 -I/home/ben/Code/palewire/storytracker/repo/.tox/py27/build/Pillow/libImaging -I/home/ben/Code/palewire/storytracker/repo/.tox/py27/include -I/usr/local/include -I/usr/include -I/usr/include/python2.7 -I/usr/include/x86_64-linux-gnu -c libImaging/ModeFilter.c -o build/temp.linux-x86_64-2.7/libImaging/ModeFilter.o
    x86_64-linux-gnu-gcc -pthread -fno-strict-aliasing -DNDEBUG -g -fwrapv -O2 -Wall -Wstrict-prototypes -fPIC -DHAVE_LIBJPEG -DHAVE_LIBZ -DHAVE_LIBTIFF -I/usr/include/freetype2 -I/home/ben/Code/palewire/storytracker/repo/.tox/py27/build/Pillow/libImaging -I/home/ben/Code/palewire/storytracker/repo/.tox/py27/include -I/usr/local/include -I/usr/include -I/usr/include/python2.7 -I/usr/include/x86_64-linux-gnu -c libImaging/JpegEncode.c -o build/temp.linux-x86_64-2.7/libImaging/JpegEncode.o
    x86_64-linux-gnu-gcc -pthread -fno-strict-aliasing -DNDEBUG -g -fwrapv -O2 -Wall -Wstrict-prototypes -fPIC -DHAVE_LIBJPEG -DHAVE_LIBZ -DHAVE_LIBTIFF -I/usr/include/freetype2 -I/home/ben/Code/palewire/storytracker/repo/.tox/py27/build/Pillow/libImaging -I/home/ben/Code/palewire/storytracker/repo/.tox/py27/include -I/usr/local/include -I/usr/include -I/usr/include/python2.7 -I/usr/include/x86_64-linux-gnu -c libImaging/Pack.c -o build/temp.linux-x86_64-2.7/libImaging/Pack.o
    x86_64-linux-gnu-gcc -pthread -fno-strict-aliasing -DNDEBUG -g -fwrapv -O2 -Wall -Wstrict-prototypes -fPIC -DHAVE_LIBJPEG -DHAVE_LIBZ -DHAVE_LIBTIFF -I/usr/include/freetype2 -I/home/ben/Code/palewire/storytracker/repo/.tox/py27/build/Pillow/libImaging -I/home/ben/Code/palewire/storytracker/repo/.tox/py27/include -I/usr/local/include -I/usr/include -I/usr/include/python2.7 -I/usr/include/x86_64-linux-gnu -c libImaging/GetBBox.c -o build/temp.linux-x86_64-2.7/libImaging/GetBBox.o
    x86_64-linux-gnu-gcc -pthread -fno-strict-aliasing -DNDEBUG -g -fwrapv -O2 -Wall -Wstrict-prototypes -fPIC -DHAVE_LIBJPEG -DHAVE_LIBZ -DHAVE_LIBTIFF -I/usr/include/freetype2 -I/home/ben/Code/palewire/storytracker/repo/.tox/py27/build/Pillow/libImaging -I/home/ben/Code/palewire/storytracker/repo/.tox/py27/include -I/usr/local/include -I/usr/include -I/usr/include/python2.7 -I/usr/include/x86_64-linux-gnu -c libImaging/MspDecode.c -o build/temp.linux-x86_64-2.7/libImaging/MspDecode.o
    x86_64-linux-gnu-gcc -pthread -fno-strict-aliasing -DNDEBUG -g -fwrapv -O2 -Wall -Wstrict-prototypes -fPIC -DHAVE_LIBJPEG -DHAVE_LIBZ -DHAVE_LIBTIFF -I/usr/include/freetype2 -I/home/ben/Code/palewire/storytracker/repo/.tox/py27/build/Pillow/libImaging -I/home/ben/Code/palewire/storytracker/repo/.tox/py27/include -I/usr/local/include -I/usr/include -I/usr/include/python2.7 -I/usr/include/x86_64-linux-gnu -c libImaging/Quant.c -o build/temp.linux-x86_64-2.7/libImaging/Quant.o
    x86_64-linux-gnu-gcc -pthread -fno-strict-aliasing -DNDEBUG -g -fwrapv -O2 -Wall -Wstrict-prototypes -fPIC -DHAVE_LIBJPEG -DHAVE_LIBZ -DHAVE_LIBTIFF -I/usr/include/freetype2 -I/home/ben/Code/palewire/storytracker/repo/.tox/py27/build/Pillow/libImaging -I/home/ben/Code/palewire/storytracker/repo/.tox/py27/include -I/usr/local/include -I/usr/include -I/usr/include/python2.7 -I/usr/include/x86_64-linux-gnu -c libImaging/Negative.c -o build/temp.linux-x86_64-2.7/libImaging/Negative.o
    x86_64-linux-gnu-gcc -pthread -fno-strict-aliasing -DNDEBUG -g -fwrapv -O2 -Wall -Wstrict-prototypes -fPIC -DHAVE_LIBJPEG -DHAVE_LIBZ -DHAVE_LIBTIFF -I/usr/include/freetype2 -I/home/ben/Code/palewire/storytracker/repo/.tox/py27/build/Pillow/libImaging -I/home/ben/Code/palewire/storytracker/repo/.tox/py27/include -I/usr/local/include -I/usr/include -I/usr/include/python2.7 -I/usr/include/x86_64-linux-gnu -c libImaging/GifDecode.c -o build/temp.linux-x86_64-2.7/libImaging/GifDecode.o
    x86_64-linux-gnu-gcc -pthread -fno-strict-aliasing -DNDEBUG -g -fwrapv -O2 -Wall -Wstrict-prototypes -fPIC -DHAVE_LIBJPEG -DHAVE_LIBZ -DHAVE_LIBTIFF -I/usr/include/freetype2 -I/home/ben/Code/palewire/storytracker/repo/.tox/py27/build/Pillow/libImaging -I/home/ben/Code/palewire/storytracker/repo/.tox/py27/include -I/usr/local/include -I/usr/include -I/usr/include/python2.7 -I/usr/include/x86_64-linux-gnu -c libImaging/PackDecode.c -o build/temp.linux-x86_64-2.7/libImaging/PackDecode.o
    x86_64-linux-gnu-gcc -pthread -fno-strict-aliasing -DNDEBUG -g -fwrapv -O2 -Wall -Wstrict-prototypes -fPIC -DHAVE_LIBJPEG -DHAVE_LIBZ -DHAVE_LIBTIFF -I/usr/include/freetype2 -I/home/ben/Code/palewire/storytracker/repo/.tox/py27/build/Pillow/libImaging -I/home/ben/Code/palewire/storytracker/repo/.tox/py27/include -I/usr/local/include -I/usr/include -I/usr/include/python2.7 -I/usr/include/x86_64-linux-gnu -c libImaging/PcxDecode.c -o build/temp.linux-x86_64-2.7/libImaging/PcxDecode.o
    x86_64-linux-gnu-gcc -pthread -fno-strict-aliasing -DNDEBUG -g -fwrapv -O2 -Wall -Wstrict-prototypes -fPIC -DHAVE_LIBJPEG -DHAVE_LIBZ -DHAVE_LIBTIFF -I/usr/include/freetype2 -I/home/ben/Code/palewire/storytracker/repo/.tox/py27/build/Pillow/libImaging -I/home/ben/Code/palewire/storytracker/repo/.tox/py27/include -I/usr/local/include -I/usr/include -I/usr/include/python2.7 -I/usr/include/x86_64-linux-gnu -c libImaging/Palette.c -o build/temp.linux-x86_64-2.7/libImaging/Palette.o
    x86_64-linux-gnu-gcc -pthread -fno-strict-aliasing -DNDEBUG -g -fwrapv -O2 -Wall -Wstrict-prototypes -fPIC -DHAVE_LIBJPEG -DHAVE_LIBZ -DHAVE_LIBTIFF -I/usr/include/freetype2 -I/home/ben/Code/palewire/storytracker/repo/.tox/py27/build/Pillow/libImaging -I/home/ben/Code/palewire/storytracker/repo/.tox/py27/include -I/usr/local/include -I/usr/include -I/usr/include/python2.7 -I/usr/include/x86_64-linux-gnu -c libImaging/RawEncode.c -o build/temp.linux-x86_64-2.7/libImaging/RawEncode.o
    x86_64-linux-gnu-gcc -pthread -fno-strict-aliasing -DNDEBUG -g -fwrapv -O2 -Wall -Wstrict-prototypes -fPIC -DHAVE_LIBJPEG -DHAVE_LIBZ -DHAVE_LIBTIFF -I/usr/include/freetype2 -I/home/ben/Code/palewire/storytracker/repo/.tox/py27/build/Pillow/libImaging -I/home/ben/Code/palewire/storytracker/repo/.tox/py27/include -I/usr/local/include -I/usr/include -I/usr/include/python2.7 -I/usr/include/x86_64-linux-gnu -c libImaging/PcxEncode.c -o build/temp.linux-x86_64-2.7/libImaging/PcxEncode.o
    x86_64-linux-gnu-gcc -pthread -fno-strict-aliasing -DNDEBUG -g -fwrapv -O2 -Wall -Wstrict-prototypes -fPIC -DHAVE_LIBJPEG -DHAVE_LIBZ -DHAVE_LIBTIFF -I/usr/include/freetype2 -I/home/ben/Code/palewire/storytracker/repo/.tox/py27/build/Pillow/libImaging -I/home/ben/Code/palewire/storytracker/repo/.tox/py27/include -I/usr/local/include -I/usr/include -I/usr/include/python2.7 -I/usr/include/x86_64-linux-gnu -c libImaging/Storage.c -o build/temp.linux-x86_64-2.7/libImaging/Storage.o
    x86_64-linux-gnu-gcc -pthread -fno-strict-aliasing -DNDEBUG -g -fwrapv -O2 -Wall -Wstrict-prototypes -fPIC -DHAVE_LIBJPEG -DHAVE_LIBZ -DHAVE_LIBTIFF -I/usr/include/freetype2 -I/home/ben/Code/palewire/storytracker/repo/.tox/py27/build/Pillow/libImaging -I/home/ben/Code/palewire/storytracker/repo/.tox/py27/include -I/usr/local/include -I/usr/include -I/usr/include/python2.7 -I/usr/include/x86_64-linux-gnu -c libImaging/Point.c -o build/temp.linux-x86_64-2.7/libImaging/Point.o
    x86_64-linux-gnu-gcc -pthread -fno-strict-aliasing -DNDEBUG -g -fwrapv -O2 -Wall -Wstrict-prototypes -fPIC -DHAVE_LIBJPEG -DHAVE_LIBZ -DHAVE_LIBTIFF -I/usr/include/freetype2 -I/home/ben/Code/palewire/storytracker/repo/.tox/py27/build/Pillow/libImaging -I/home/ben/Code/palewire/storytracker/repo/.tox/py27/include -I/usr/local/include -I/usr/include -I/usr/include/python2.7 -I/usr/include/x86_64-linux-gnu -c libImaging/Paste.c -o build/temp.linux-x86_64-2.7/libImaging/Paste.o
    x86_64-linux-gnu-gcc -pthread -fno-strict-aliasing -DNDEBUG -g -fwrapv -O2 -Wall -Wstrict-prototypes -fPIC -DHAVE_LIBJPEG -DHAVE_LIBZ -DHAVE_LIBTIFF -I/usr/include/freetype2 -I/home/ben/Code/palewire/storytracker/repo/.tox/py27/build/Pillow/libImaging -I/home/ben/Code/palewire/storytracker/repo/.tox/py27/include -I/usr/local/include -I/usr/include -I/usr/include/python2.7 -I/usr/include/x86_64-linux-gnu -c libImaging/SunRleDecode.c -o build/temp.linux-x86_64-2.7/libImaging/SunRleDecode.o
    x86_64-linux-gnu-gcc -pthread -fno-strict-aliasing -DNDEBUG -g -fwrapv -O2 -Wall -Wstrict-prototypes -fPIC -DHAVE_LIBJPEG -DHAVE_LIBZ -DHAVE_LIBTIFF -I/usr/include/freetype2 -I/home/ben/Code/palewire/storytracker/repo/.tox/py27/build/Pillow/libImaging -I/home/ben/Code/palewire/storytracker/repo/.tox/py27/include -I/usr/local/include -I/usr/include -I/usr/include/python2.7 -I/usr/include/x86_64-linux-gnu -c libImaging/QuantOctree.c -o build/temp.linux-x86_64-2.7/libImaging/QuantOctree.o
    x86_64-linux-gnu-gcc -pthread -fno-strict-aliasing -DNDEBUG -g -fwrapv -O2 -Wall -Wstrict-prototypes -fPIC -DHAVE_LIBJPEG -DHAVE_LIBZ -DHAVE_LIBTIFF -I/usr/include/freetype2 -I/home/ben/Code/palewire/storytracker/repo/.tox/py27/build/Pillow/libImaging -I/home/ben/Code/palewire/storytracker/repo/.tox/py27/include -I/usr/local/include -I/usr/include -I/usr/include/python2.7 -I/usr/include/x86_64-linux-gnu -c libImaging/RankFilter.c -o build/temp.linux-x86_64-2.7/libImaging/RankFilter.o
    x86_64-linux-gnu-gcc -pthread -fno-strict-aliasing -DNDEBUG -g -fwrapv -O2 -Wall -Wstrict-prototypes -fPIC -DHAVE_LIBJPEG -DHAVE_LIBZ -DHAVE_LIBTIFF -I/usr/include/freetype2 -I/home/ben/Code/palewire/storytracker/repo/.tox/py27/build/Pillow/libImaging -I/home/ben/Code/palewire/storytracker/repo/.tox/py27/include -I/usr/local/include -I/usr/include -I/usr/include/python2.7 -I/usr/include/x86_64-linux-gnu -c libImaging/TgaRleDecode.c -o build/temp.linux-x86_64-2.7/libImaging/TgaRleDecode.o
    x86_64-linux-gnu-gcc -pthread -fno-strict-aliasing -DNDEBUG -g -fwrapv -O2 -Wall -Wstrict-prototypes -fPIC -DHAVE_LIBJPEG -DHAVE_LIBZ -DHAVE_LIBTIFF -I/usr/include/freetype2 -I/home/ben/Code/palewire/storytracker/repo/.tox/py27/build/Pillow/libImaging -I/home/ben/Code/palewire/storytracker/repo/.tox/py27/include -I/usr/local/include -I/usr/include -I/usr/include/python2.7 -I/usr/include/x86_64-linux-gnu -c libImaging/QuantHash.c -o build/temp.linux-x86_64-2.7/libImaging/QuantHash.o
    x86_64-linux-gnu-gcc -pthread -fno-strict-aliasing -DNDEBUG -g -fwrapv -O2 -Wall -Wstrict-prototypes -fPIC -DHAVE_LIBJPEG -DHAVE_LIBZ -DHAVE_LIBTIFF -I/usr/include/freetype2 -I/home/ben/Code/palewire/storytracker/repo/.tox/py27/build/Pillow/libImaging -I/home/ben/Code/palewire/storytracker/repo/.tox/py27/include -I/usr/local/include -I/usr/include -I/usr/include/python2.7 -I/usr/include/x86_64-linux-gnu -c libImaging/Unpack.c -o build/temp.linux-x86_64-2.7/libImaging/Unpack.o
    x86_64-linux-gnu-gcc -pthread -fno-strict-aliasing -DNDEBUG -g -fwrapv -O2 -Wall -Wstrict-prototypes -fPIC -DHAVE_LIBJPEG -DHAVE_LIBZ -DHAVE_LIBTIFF -I/usr/include/freetype2 -I/home/ben/Code/palewire/storytracker/repo/.tox/py27/build/Pillow/libImaging -I/home/ben/Code/palewire/storytracker/repo/.tox/py27/include -I/usr/local/include -I/usr/include -I/usr/include/python2.7 -I/usr/include/x86_64-linux-gnu -c libImaging/RawDecode.c -o build/temp.linux-x86_64-2.7/libImaging/RawDecode.o
    x86_64-linux-gnu-gcc -pthread -fno-strict-aliasing -DNDEBUG -g -fwrapv -O2 -Wall -Wstrict-prototypes -fPIC -DHAVE_LIBJPEG -DHAVE_LIBZ -DHAVE_LIBTIFF -I/usr/include/freetype2 -I/home/ben/Code/palewire/storytracker/repo/.tox/py27/build/Pillow/libImaging -I/home/ben/Code/palewire/storytracker/repo/.tox/py27/include -I/usr/local/include -I/usr/include -I/usr/include/python2.7 -I/usr/include/x86_64-linux-gnu -c libImaging/UnpackYCC.c -o build/temp.linux-x86_64-2.7/libImaging/UnpackYCC.o
    x86_64-linux-gnu-gcc -pthread -fno-strict-aliasing -DNDEBUG -g -fwrapv -O2 -Wall -Wstrict-prototypes -fPIC -DHAVE_LIBJPEG -DHAVE_LIBZ -DHAVE_LIBTIFF -I/usr/include/freetype2 -I/home/ben/Code/palewire/storytracker/repo/.tox/py27/build/Pillow/libImaging -I/home/ben/Code/palewire/storytracker/repo/.tox/py27/include -I/usr/local/include -I/usr/include -I/usr/include/python2.7 -I/usr/include/x86_64-linux-gnu -c libImaging/ZipEncode.c -o build/temp.linux-x86_64-2.7/libImaging/ZipEncode.o
    x86_64-linux-gnu-gcc -pthread -fno-strict-aliasing -DNDEBUG -g -fwrapv -O2 -Wall -Wstrict-prototypes -fPIC -DHAVE_LIBJPEG -DHAVE_LIBZ -DHAVE_LIBTIFF -I/usr/include/freetype2 -I/home/ben/Code/palewire/storytracker/repo/.tox/py27/build/Pillow/libImaging -I/home/ben/Code/palewire/storytracker/repo/.tox/py27/include -I/usr/local/include -I/usr/include -I/usr/include/python2.7 -I/usr/include/x86_64-linux-gnu -c libImaging/UnsharpMask.c -o build/temp.linux-x86_64-2.7/libImaging/UnsharpMask.o
    x86_64-linux-gnu-gcc -pthread -fno-strict-aliasing -DNDEBUG -g -fwrapv -O2 -Wall -Wstrict-prototypes -fPIC -DHAVE_LIBJPEG -DHAVE_LIBZ -DHAVE_LIBTIFF -I/usr/include/freetype2 -I/home/ben/Code/palewire/storytracker/repo/.tox/py27/build/Pillow/libImaging -I/home/ben/Code/palewire/storytracker/repo/.tox/py27/include -I/usr/local/include -I/usr/include -I/usr/include/python2.7 -I/usr/include/x86_64-linux-gnu -c libImaging/QuantHeap.c -o build/temp.linux-x86_64-2.7/libImaging/QuantHeap.o
    x86_64-linux-gnu-gcc -pthread -fno-strict-aliasing -DNDEBUG -g -fwrapv -O2 -Wall -Wstrict-prototypes -fPIC -DHAVE_LIBJPEG -DHAVE_LIBZ -DHAVE_LIBTIFF -I/usr/include/freetype2 -I/home/ben/Code/palewire/storytracker/repo/.tox/py27/build/Pillow/libImaging -I/home/ben/Code/palewire/storytracker/repo/.tox/py27/include -I/usr/local/include -I/usr/include -I/usr/include/python2.7 -I/usr/include/x86_64-linux-gnu -c libImaging/PcdDecode.c -o build/temp.linux-x86_64-2.7/libImaging/PcdDecode.o
    x86_64-linux-gnu-gcc -pthread -fno-strict-aliasing -DNDEBUG -g -fwrapv -O2 -Wall -Wstrict-prototypes -fPIC -DHAVE_LIBJPEG -DHAVE_LIBZ -DHAVE_LIBTIFF -I/usr/include/freetype2 -I/home/ben/Code/palewire/storytracker/repo/.tox/py27/build/Pillow/libImaging -I/home/ben/Code/palewire/storytracker/repo/.tox/py27/include -I/usr/local/include -I/usr/include -I/usr/include/python2.7 -I/usr/include/x86_64-linux-gnu -c libImaging/TiffDecode.c -o build/temp.linux-x86_64-2.7/libImaging/TiffDecode.o
    x86_64-linux-gnu-gcc -pthread -fno-strict-aliasing -DNDEBUG -g -fwrapv -O2 -Wall -Wstrict-prototypes -fPIC -DHAVE_LIBJPEG -DHAVE_LIBZ -DHAVE_LIBTIFF -I/usr/include/freetype2 -I/home/ben/Code/palewire/storytracker/repo/.tox/py27/build/Pillow/libImaging -I/home/ben/Code/palewire/storytracker/repo/.tox/py27/include -I/usr/local/include -I/usr/include -I/usr/include/python2.7 -I/usr/include/x86_64-linux-gnu -c libImaging/XbmDecode.c -o build/temp.linux-x86_64-2.7/libImaging/XbmDecode.o
    x86_64-linux-gnu-gcc -pthread -fno-strict-aliasing -DNDEBUG -g -fwrapv -O2 -Wall -Wstrict-prototypes -fPIC -DHAVE_LIBJPEG -DHAVE_LIBZ -DHAVE_LIBTIFF -I/usr/include/freetype2 -I/home/ben/Code/palewire/storytracker/repo/.tox/py27/build/Pillow/libImaging -I/home/ben/Code/palewire/storytracker/repo/.tox/py27/include -I/usr/local/include -I/usr/include -I/usr/include/python2.7 -I/usr/include/x86_64-linux-gnu -c libImaging/XbmEncode.c -o build/temp.linux-x86_64-2.7/libImaging/XbmEncode.o
    x86_64-linux-gnu-gcc -pthread -fno-strict-aliasing -DNDEBUG -g -fwrapv -O2 -Wall -Wstrict-prototypes -fPIC -DHAVE_LIBJPEG -DHAVE_LIBZ -DHAVE_LIBTIFF -I/usr/include/freetype2 -I/home/ben/Code/palewire/storytracker/repo/.tox/py27/build/Pillow/libImaging -I/home/ben/Code/palewire/storytracker/repo/.tox/py27/include -I/usr/local/include -I/usr/include -I/usr/include/python2.7 -I/usr/include/x86_64-linux-gnu -c libImaging/Incremental.c -o build/temp.linux-x86_64-2.7/libImaging/Incremental.o
    x86_64-linux-gnu-gcc -pthread -fno-strict-aliasing -DNDEBUG -g -fwrapv -O2 -Wall -Wstrict-prototypes -fPIC -DHAVE_LIBJPEG -DHAVE_LIBZ -DHAVE_LIBTIFF -I/usr/include/freetype2 -I/home/ben/Code/palewire/storytracker/repo/.tox/py27/build/Pillow/libImaging -I/home/ben/Code/palewire/storytracker/repo/.tox/py27/include -I/usr/local/include -I/usr/include -I/usr/include/python2.7 -I/usr/include/x86_64-linux-gnu -c libImaging/ZipDecode.c -o build/temp.linux-x86_64-2.7/libImaging/ZipDecode.o
    x86_64-linux-gnu-gcc -pthread -fno-strict-aliasing -DNDEBUG -g -fwrapv -O2 -Wall -Wstrict-prototypes -fPIC -DHAVE_LIBJPEG -DHAVE_LIBZ -DHAVE_LIBTIFF -I/usr/include/freetype2 -I/home/ben/Code/palewire/storytracker/repo/.tox/py27/build/Pillow/libImaging -I/home/ben/Code/palewire/storytracker/repo/.tox/py27/include -I/usr/local/include -I/usr/include -I/usr/include/python2.7 -I/usr/include/x86_64-linux-gnu -c libImaging/Jpeg2KDecode.c -o build/temp.linux-x86_64-2.7/libImaging/Jpeg2KDecode.o
    x86_64-linux-gnu-gcc -pthread -fno-strict-aliasing -DNDEBUG -g -fwrapv -O2 -Wall -Wstrict-prototypes -fPIC -DHAVE_LIBJPEG -DHAVE_LIBZ -DHAVE_LIBTIFF -I/usr/include/freetype2 -I/home/ben/Code/palewire/storytracker/repo/.tox/py27/build/Pillow/libImaging -I/home/ben/Code/palewire/storytracker/repo/.tox/py27/include -I/usr/local/include -I/usr/include -I/usr/include/python2.7 -I/usr/include/x86_64-linux-gnu -c libImaging/Jpeg2KEncode.c -o build/temp.linux-x86_64-2.7/libImaging/Jpeg2KEncode.o
    Building using 4 processes
    x86_64-linux-gnu-gcc -pthread -shared -Wl,-O1 -Wl,-Bsymbolic-functions -Wl,-Bsymbolic-functions -Wl,-z,relro -fno-strict-aliasing -DNDEBUG -g -fwrapv -O2 -Wall -Wstrict-prototypes -D_FORTIFY_SOURCE=2 -g -fstack-protector --param=ssp-buffer-size=4 -Wformat -Werror=format-security build/temp.linux-x86_64-2.7/_imaging.o build/temp.linux-x86_64-2.7/decode.o build/temp.linux-x86_64-2.7/encode.o build/temp.linux-x86_64-2.7/map.o build/temp.linux-x86_64-2.7/display.o build/temp.linux-x86_64-2.7/outline.o build/temp.linux-x86_64-2.7/path.o build/temp.linux-x86_64-2.7/libImaging/Access.o build/temp.linux-x86_64-2.7/libImaging/AlphaComposite.o build/temp.linux-x86_64-2.7/libImaging/Antialias.o build/temp.linux-x86_64-2.7/libImaging/Bands.o build/temp.linux-x86_64-2.7/libImaging/BitDecode.o build/temp.linux-x86_64-2.7/libImaging/Blend.o build/temp.linux-x86_64-2.7/libImaging/Chops.o build/temp.linux-x86_64-2.7/libImaging/Convert.o build/temp.linux-x86_64-2.7/libImaging/ConvertYCbCr.o build/temp.linux-x86_64-2.7/libImaging/Copy.o build/temp.linux-x86_64-2.7/libImaging/Crc32.o build/temp.linux-x86_64-2.7/libImaging/Crop.o build/temp.linux-x86_64-2.7/libImaging/Dib.o build/temp.linux-x86_64-2.7/libImaging/Draw.o build/temp.linux-x86_64-2.7/libImaging/Effects.o build/temp.linux-x86_64-2.7/libImaging/EpsEncode.o build/temp.linux-x86_64-2.7/libImaging/File.o build/temp.linux-x86_64-2.7/libImaging/Fill.o build/temp.linux-x86_64-2.7/libImaging/Filter.o build/temp.linux-x86_64-2.7/libImaging/FliDecode.o build/temp.linux-x86_64-2.7/libImaging/Geometry.o build/temp.linux-x86_64-2.7/libImaging/GetBBox.o build/temp.linux-x86_64-2.7/libImaging/GifDecode.o build/temp.linux-x86_64-2.7/libImaging/GifEncode.o build/temp.linux-x86_64-2.7/libImaging/HexDecode.o build/temp.linux-x86_64-2.7/libImaging/Histo.o build/temp.linux-x86_64-2.7/libImaging/JpegDecode.o build/temp.linux-x86_64-2.7/libImaging/JpegEncode.o build/temp.linux-x86_64-2.7/libImaging/LzwDecode.o build/temp.linux-x86_64-2.7/libImaging/Matrix.o build/temp.linux-x86_64-2.7/libImaging/ModeFilter.o build/temp.linux-x86_64-2.7/libImaging/MspDecode.o build/temp.linux-x86_64-2.7/libImaging/Negative.o build/temp.linux-x86_64-2.7/libImaging/Offset.o build/temp.linux-x86_64-2.7/libImaging/Pack.o build/temp.linux-x86_64-2.7/libImaging/PackDecode.o build/temp.linux-x86_64-2.7/libImaging/Palette.o build/temp.linux-x86_64-2.7/libImaging/Paste.o build/temp.linux-x86_64-2.7/libImaging/Quant.o build/temp.linux-x86_64-2.7/libImaging/QuantOctree.o build/temp.linux-x86_64-2.7/libImaging/QuantHash.o build/temp.linux-x86_64-2.7/libImaging/QuantHeap.o build/temp.linux-x86_64-2.7/libImaging/PcdDecode.o build/temp.linux-x86_64-2.7/libImaging/PcxDecode.o build/temp.linux-x86_64-2.7/libImaging/PcxEncode.o build/temp.linux-x86_64-2.7/libImaging/Point.o build/temp.linux-x86_64-2.7/libImaging/RankFilter.o build/temp.linux-x86_64-2.7/libImaging/RawDecode.o build/temp.linux-x86_64-2.7/libImaging/RawEncode.o build/temp.linux-x86_64-2.7/libImaging/Storage.o build/temp.linux-x86_64-2.7/libImaging/SunRleDecode.o build/temp.linux-x86_64-2.7/libImaging/TgaRleDecode.o build/temp.linux-x86_64-2.7/libImaging/Unpack.o build/temp.linux-x86_64-2.7/libImaging/UnpackYCC.o build/temp.linux-x86_64-2.7/libImaging/UnsharpMask.o build/temp.linux-x86_64-2.7/libImaging/XbmDecode.o build/temp.linux-x86_64-2.7/libImaging/XbmEncode.o build/temp.linux-x86_64-2.7/libImaging/ZipDecode.o build/temp.linux-x86_64-2.7/libImaging/ZipEncode.o build/temp.linux-x86_64-2.7/libImaging/TiffDecode.o build/temp.linux-x86_64-2.7/libImaging/Incremental.o build/temp.linux-x86_64-2.7/libImaging/Jpeg2KDecode.o build/temp.linux-x86_64-2.7/libImaging/Jpeg2KEncode.o -L/home/ben/Code/palewire/storytracker/repo/.tox/py27/lib -L/usr/lib/x86_64-linux-gnu -L/usr/local/lib -L/usr/lib/x86_64-linux-gnu -ljpeg -lz -ltiff -o build/lib.linux-x86_64-2.7/PIL/_imaging.so
    building 'PIL._imagingft' extension
    x86_64-linux-gnu-gcc -pthread -fno-strict-aliasing -DNDEBUG -g -fwrapv -O2 -Wall -Wstrict-prototypes -fPIC -I/usr/include/freetype2 -I/home/ben/Code/palewire/storytracker/repo/.tox/py27/build/Pillow/libImaging -I/home/ben/Code/palewire/storytracker/repo/.tox/py27/include -I/usr/local/include -I/usr/include -I/usr/include/python2.7 -I/usr/include/x86_64-linux-gnu -c _imagingft.c -o build/temp.linux-x86_64-2.7/_imagingft.o
    Building using 4 processes
    x86_64-linux-gnu-gcc -pthread -shared -Wl,-O1 -Wl,-Bsymbolic-functions -Wl,-Bsymbolic-functions -Wl,-z,relro -fno-strict-aliasing -DNDEBUG -g -fwrapv -O2 -Wall -Wstrict-prototypes -D_FORTIFY_SOURCE=2 -g -fstack-protector --param=ssp-buffer-size=4 -Wformat -Werror=format-security build/temp.linux-x86_64-2.7/_imagingft.o -L/home/ben/Code/palewire/storytracker/repo/.tox/py27/lib -L/usr/lib/x86_64-linux-gnu -L/usr/local/lib -L/usr/lib/x86_64-linux-gnu -lfreetype -o build/lib.linux-x86_64-2.7/PIL/_imagingft.so
    building 'PIL._webp' extension
    x86_64-linux-gnu-gcc -pthread -fno-strict-aliasing -DNDEBUG -g -fwrapv -O2 -Wall -Wstrict-prototypes -fPIC -DHAVE_WEBPMUX -I/usr/include/freetype2 -I/home/ben/Code/palewire/storytracker/repo/.tox/py27/build/Pillow/libImaging -I/home/ben/Code/palewire/storytracker/repo/.tox/py27/include -I/usr/local/include -I/usr/include -I/usr/include/python2.7 -I/usr/include/x86_64-linux-gnu -c _webp.c -o build/temp.linux-x86_64-2.7/_webp.o
    Building using 4 processes
    x86_64-linux-gnu-gcc -pthread -shared -Wl,-O1 -Wl,-Bsymbolic-functions -Wl,-Bsymbolic-functions -Wl,-z,relro -fno-strict-aliasing -DNDEBUG -g -fwrapv -O2 -Wall -Wstrict-prototypes -D_FORTIFY_SOURCE=2 -g -fstack-protector --param=ssp-buffer-size=4 -Wformat -Werror=format-security build/temp.linux-x86_64-2.7/_webp.o -L/home/ben/Code/palewire/storytracker/repo/.tox/py27/lib -L/usr/lib/x86_64-linux-gnu -L/usr/local/lib -L/usr/lib/x86_64-linux-gnu -lwebp -lwebpmux -lwebpdemux -o build/lib.linux-x86_64-2.7/PIL/_webp.so
    building 'PIL._imagingmath' extension
    x86_64-linux-gnu-gcc -pthread -fno-strict-aliasing -DNDEBUG -g -fwrapv -O2 -Wall -Wstrict-prototypes -fPIC -I/usr/include/freetype2 -I/home/ben/Code/palewire/storytracker/repo/.tox/py27/build/Pillow/libImaging -I/home/ben/Code/palewire/storytracker/repo/.tox/py27/include -I/usr/local/include -I/usr/include -I/usr/include/python2.7 -I/usr/include/x86_64-linux-gnu -c _imagingmath.c -o build/temp.linux-x86_64-2.7/_imagingmath.o
    Building using 4 processes
    x86_64-linux-gnu-gcc -pthread -shared -Wl,-O1 -Wl,-Bsymbolic-functions -Wl,-Bsymbolic-functions -Wl,-z,relro -fno-strict-aliasing -DNDEBUG -g -fwrapv -O2 -Wall -Wstrict-prototypes -D_FORTIFY_SOURCE=2 -g -fstack-protector --param=ssp-buffer-size=4 -Wformat -Werror=format-security build/temp.linux-x86_64-2.7/_imagingmath.o -L/home/ben/Code/palewire/storytracker/repo/.tox/py27/lib -L/usr/lib/x86_64-linux-gnu -L/usr/local/lib -L/usr/lib/x86_64-linux-gnu -o build/lib.linux-x86_64-2.7/PIL/_imagingmath.so
    building 'PIL._imagingmorph' extension
    x86_64-linux-gnu-gcc -pthread -fno-strict-aliasing -DNDEBUG -g -fwrapv -O2 -Wall -Wstrict-prototypes -fPIC -I/usr/include/freetype2 -I/home/ben/Code/palewire/storytracker/repo/.tox/py27/build/Pillow/libImaging -I/home/ben/Code/palewire/storytracker/repo/.tox/py27/include -I/usr/local/include -I/usr/include -I/usr/include/python2.7 -I/usr/include/x86_64-linux-gnu -c _imagingmorph.c -o build/temp.linux-x86_64-2.7/_imagingmorph.o
    Building using 4 processes
    x86_64-linux-gnu-gcc -pthread -shared -Wl,-O1 -Wl,-Bsymbolic-functions -Wl,-Bsymbolic-functions -Wl,-z,relro -fno-strict-aliasing -DNDEBUG -g -fwrapv -O2 -Wall -Wstrict-prototypes -D_FORTIFY_SOURCE=2 -g -fstack-protector --param=ssp-buffer-size=4 -Wformat -Werror=format-security build/temp.linux-x86_64-2.7/_imagingmorph.o -L/home/ben/Code/palewire/storytracker/repo/.tox/py27/lib -L/usr/lib/x86_64-linux-gnu -L/usr/local/lib -L/usr/lib/x86_64-linux-gnu -o build/lib.linux-x86_64-2.7/PIL/_imagingmorph.so
    --------------------------------------------------------------------
    PIL SETUP SUMMARY
    --------------------------------------------------------------------
    version      Pillow 2.5.3
    platform     linux2 2.7.6 (default, Mar 22 2014, 22:59:56)
                 [GCC 4.8.2]
    --------------------------------------------------------------------
    *** TKINTER support not available
    (Tcl/Tk 8.6 libraries needed)
    --- JPEG support available
    *** OPENJPEG (JPEG2000) support not available
    --- ZLIB (PNG/ZIP) support available
    --- LIBTIFF support available
    --- FREETYPE2 support available
    *** LITTLECMS2 support not available
    --- WEBP support available
    --- WEBPMUX support available
    --------------------------------------------------------------------
    To add a missing option, make sure you have the required
    library, and set the corresponding ROOT variable in the
    setup.py script.
    
    To check the build, run the selftest.py script.
    
    changing mode of build/scripts-2.7/pilfile.py from 664 to 775
    changing mode of build/scripts-2.7/pilconvert.py from 664 to 775
    changing mode of build/scripts-2.7/pildriver.py from 664 to 775
    changing mode of build/scripts-2.7/pilprint.py from 664 to 775
    changing mode of build/scripts-2.7/pilfont.py from 664 to 775
    changing mode of /home/ben/Code/palewire/storytracker/repo/.tox/py27/bin/pilfile.py to 775
    changing mode of /home/ben/Code/palewire/storytracker/repo/.tox/py27/bin/pilconvert.py to 775
    changing mode of /home/ben/Code/palewire/storytracker/repo/.tox/py27/bin/pildriver.py to 775
    changing mode of /home/ben/Code/palewire/storytracker/repo/.tox/py27/bin/pilprint.py to 775
    changing mode of /home/ben/Code/palewire/storytracker/repo/.tox/py27/bin/pilfont.py to 775
  Running setup.py install for unicodecsv
    
  Running setup.py install for storytracker
    changing mode of build/scripts-2.7/storytracker-archive from 664 to 775
    changing mode of build/scripts-2.7/storytracker-get from 664 to 775
    changing mode of build/scripts-2.7/storytracker-links2csv from 664 to 775
    
    changing mode of /home/ben/Code/palewire/storytracker/repo/.tox/py27/bin/storytracker-archive to 775
    changing mode of /home/ben/Code/palewire/storytracker/repo/.tox/py27/bin/storytracker-get to 775
    changing mode of /home/ben/Code/palewire/storytracker/repo/.tox/py27/bin/storytracker-links2csv to 775
  Running setup.py install for tldextract
    
    Installing tldextract script to /home/ben/Code/palewire/storytracker/repo/.tox/py27/bin
Successfully installed python-dateutil requests htmlmin six pytz beautifulsoup4 storysniffer selenium Pillow unicodecsv storytracker tldextract
Cleaning up...
